<?xml version="1.0" encoding="UTF-8"?>
<!-- Generated by org.testng.reporters.JUnitXMLReporter -->
<testsuite hostname="DESKTOP-1F94S9A" ignored="0" name="PARA2" tests="1" failures="0" timestamp="03 Feb 2020 08:43:11 GMT" time="1.685" errors="0">
  <testcase name="@BeforeTest test" time="1.653" classname="seleniumPreparation.PARAMETERANNOTATION">
    <failure type="java.lang.NoClassDefFoundError" message="org/apache/commons/lang3/SystemUtils">
      <![CDATA[java.lang.NoClassDefFoundError: org/apache/commons/lang3/SystemUtils
at io.github.bonigarcia.wdm.Config.defaultOsName(Config.java:254)
at io.github.bonigarcia.wdm.Config.<init>(Config.java:83)
at io.github.bonigarcia.wdm.WebDriverManager.<init>(WebDriverManager.java:137)
at io.github.bonigarcia.wdm.ChromeDriverManager.<init>(ChromeDriverManager.java:36)
at io.github.bonigarcia.wdm.WebDriverManager.chromedriver(WebDriverManager.java:157)
at seleniumPreparation.PARAMETERANNOTATION.test(PARAMETERANNOTATION.java:27)
Caused by: java.lang.ClassNotFoundException: org.apache.commons.lang3.SystemUtils
at java.net.URLClassLoader.findClass(URLClassLoader.java:381)
at java.lang.ClassLoader.loadClass(ClassLoader.java:424)
at sun.misc.Launcher$AppClassLoader.loadClass(Launcher.java:349)
at java.lang.ClassLoader.loadClass(ClassLoader.java:357)
... 30 more
... Removed 24 stack frames]]>
    </failure>
  </testcase> <!-- @BeforeTest test -->
  <testcase name="doit" time="0.0" classname="seleniumPreparation.PARAMETERANNOTATION">
    <skipped/>
  </testcase> <!-- doit -->
</testsuite> <!-- PARA2 -->
