<?xml version="1.0" encoding="UTF-8"?>
<!-- Generated by org.testng.reporters.JUnitXMLReporter -->
<testsuite hostname="DESKTOP-1F94S9A" ignored="0" name="PARAMETERANNOTATION2" tests="1" failures="1" timestamp="28 Dec 2019 12:30:34 GMT" time="0.151" errors="0">
  <testcase name="test" time="0.066" classname="seleniumPreparation.PARAMETERANNOTATION">
    <failure type="java.lang.NoClassDefFoundError" message="org/apache/commons/lang3/SystemUtils">
      <![CDATA[java.lang.NoClassDefFoundError: org/apache/commons/lang3/SystemUtils
at io.github.bonigarcia.wdm.Config.defaultOsName(Config.java:254)
at io.github.bonigarcia.wdm.Config.<init>(Config.java:83)
at io.github.bonigarcia.wdm.WebDriverManager.<init>(WebDriverManager.java:137)
at io.github.bonigarcia.wdm.ChromeDriverManager.<init>(ChromeDriverManager.java:36)
at io.github.bonigarcia.wdm.WebDriverManager.chromedriver(WebDriverManager.java:157)
at seleniumPreparation.PARAMETERANNOTATION.test(PARAMETERANNOTATION.java:26)
at java.util.concurrent.FutureTask.run(FutureTask.java:266)
at java.util.concurrent.ThreadPoolExecutor.runWorker(ThreadPoolExecutor.java:1149)
at java.util.concurrent.ThreadPoolExecutor$Worker.run(ThreadPoolExecutor.java:624)
at java.lang.Thread.run(Thread.java:748)
Caused by: java.lang.ClassNotFoundException: org.apache.commons.lang3.SystemUtils
at java.net.URLClassLoader.findClass(URLClassLoader.java:381)
at java.lang.ClassLoader.loadClass(ClassLoader.java:424)
at sun.misc.Launcher$AppClassLoader.loadClass(Launcher.java:349)
at java.lang.ClassLoader.loadClass(ClassLoader.java:357)
... 26 more
... Removed 16 stack frames]]>
    </failure>
  </testcase> <!-- test -->
</testsuite> <!-- PARAMETERANNOTATION2 -->
