<?xml version="1.0" encoding="UTF-8"?>
<!-- Generated by org.testng.reporters.JUnitXMLReporter -->
<testsuite hostname="DESKTOP-1F94S9A" ignored="0" name="PARAMETERANNOTATION" tests="1" failures="0" timestamp="28 Dec 2019 13:07:54 GMT" time="0.323" errors="0">
  <testcase name="@BeforeTest test" time="0.279" classname="seleniumPreparation.PARAMETERANNOTATION">
    <failure type="java.lang.IllegalStateException" message="The path to the driver executable must be set by the webdriver.gecko.driver system property; for more information, see https://github.com/mozilla/geckodriver. The latest version can be downloaded from https://github.com/mozilla/geckodriver/releases">
      <![CDATA[java.lang.IllegalStateException: The path to the driver executable must be set by the webdriver.gecko.driver system property; for more information, see https://github.com/mozilla/geckodriver. The latest version can be downloaded from https://github.com/mozilla/geckodriver/releases
at com.google.common.base.Preconditions.checkState(Preconditions.java:847)
at org.openqa.selenium.remote.service.DriverService.findExecutable(DriverService.java:134)
at org.openqa.selenium.firefox.GeckoDriverService.access$100(GeckoDriverService.java:44)
at org.openqa.selenium.firefox.GeckoDriverService$Builder.findDefaultExecutable(GeckoDriverService.java:167)
at org.openqa.selenium.remote.service.DriverService$Builder.build(DriverService.java:355)
at org.openqa.selenium.firefox.FirefoxDriver.toExecutor(FirefoxDriver.java:190)
at org.openqa.selenium.firefox.FirefoxDriver.<init>(FirefoxDriver.java:147)
at org.openqa.selenium.firefox.FirefoxDriver.<init>(FirefoxDriver.java:125)
at seleniumPreparation.PARAMETERANNOTATION.test(PARAMETERANNOTATION.java:25)
... Removed 24 stack frames]]>
    </failure>
  </testcase> <!-- @BeforeTest test -->
  <testcase name="doit" time="0.0" classname="seleniumPreparation.PARAMETERANNOTATION">
    <skipped/>
  </testcase> <!-- doit -->
</testsuite> <!-- PARAMETERANNOTATION -->
