<?xml version="1.0" encoding="UTF-8"?>
<testng-results skipped="0" failed="0" ignored="0" total="1" passed="1">
  <reporter-output>
  </reporter-output>
  <suite name="Default suite" duration-ms="17472" started-at="2022-02-22T12:31:47Z" finished-at="2022-02-22T12:32:05Z">
    <groups>
    </groups>
    <test name="Default test" duration-ms="17472" started-at="2022-02-22T12:31:47Z" finished-at="2022-02-22T12:32:05Z">
      <class name="Test.PracticePageTest">
        <test-method status="PASS" signature="initilize()[pri:0, instance:Test.PracticePageTest@5442a311]" name="initilize" is-config="true" duration-ms="14523" started-at="2022-02-22T12:31:47Z" finished-at="2022-02-22T12:32:02Z">
          <reporter-output>
          </reporter-output>
        </test-method> <!-- initilize -->
        <test-method status="PASS" signature="fillForm()[pri:0, instance:Test.PracticePageTest@5442a311]" name="fillForm" duration-ms="2884" started-at="2022-02-22T12:32:02Z" finished-at="2022-02-22T12:32:05Z">
          <reporter-output>
          </reporter-output>
        </test-method> <!-- fillForm -->
      </class> <!-- Test.PracticePageTest -->
    </test> <!-- Default test -->
  </suite> <!-- Default suite -->
</testng-results>
